<?xml version="1.0" encoding="UTF-8"?>
<testsuite name="cleanAppium.Calendar" tests="1" skipped="0" failures="0" errors="0" timestamp="2021-03-26T10:41:54" hostname="DESKTOP-3NTKV4B" time="23.878">
  <properties/>
  <testcase name="operationAdditionTest" classname="cleanAppium.Calendar" time="23.878"/>
  <system-out><![CDATA[]]></system-out>
  <system-err><![CDATA[mar. 26, 2021 8:12:10 A. M. io.appium.java_client.remote.AppiumCommandExecutor$1 lambda$0
INFO: Detected dialect: W3C
]]></system-err>
</testsuite>
